c:\users\jacintillo\documents\5. fib\vj\2dgame\02-bubble\02-bubble\debug\vc142.pdb
c:\users\jacintillo\documents\5. fib\vj\2dgame\02-bubble\02-bubble\debug\vc142.idb
c:\users\jacintillo\documents\5. fib\vj\2dgame\02-bubble\02-bubble\debug\tilemap.obj
c:\users\jacintillo\documents\5. fib\vj\2dgame\02-bubble\02-bubble\debug\texture.obj
c:\users\jacintillo\documents\5. fib\vj\2dgame\02-bubble\02-bubble\debug\sprite.obj
c:\users\jacintillo\documents\5. fib\vj\2dgame\02-bubble\02-bubble\debug\shaderprogram.obj
c:\users\jacintillo\documents\5. fib\vj\2dgame\02-bubble\02-bubble\debug\shader.obj
c:\users\jacintillo\documents\5. fib\vj\2dgame\02-bubble\02-bubble\debug\scene.obj
c:\users\jacintillo\documents\5. fib\vj\2dgame\02-bubble\02-bubble\debug\player.obj
c:\users\jacintillo\documents\5. fib\vj\2dgame\02-bubble\02-bubble\debug\main.obj
c:\users\jacintillo\documents\5. fib\vj\2dgame\02-bubble\02-bubble\debug\game.obj
c:\users\jacintillo\documents\5. fib\vj\2dgame\02-bubble\debug\02-bubble.exe
c:\users\jacintillo\documents\5. fib\vj\2dgame\02-bubble\02-bubble\debug\02-bubble.ilk
c:\users\jacintillo\documents\5. fib\vj\2dgame\02-bubble\debug\02-bubble.pdb
c:\users\jacintillo\documents\5. fib\vj\2dgame\02-bubble\02-bubble\debug\02-bubble.tlog\cl.command.1.tlog
c:\users\jacintillo\documents\5. fib\vj\2dgame\02-bubble\02-bubble\debug\02-bubble.tlog\cl.read.1.tlog
c:\users\jacintillo\documents\5. fib\vj\2dgame\02-bubble\02-bubble\debug\02-bubble.tlog\cl.write.1.tlog
c:\users\jacintillo\documents\5. fib\vj\2dgame\02-bubble\02-bubble\debug\02-bubble.tlog\link.command.1.tlog
c:\users\jacintillo\documents\5. fib\vj\2dgame\02-bubble\02-bubble\debug\02-bubble.tlog\link.read.1.tlog
c:\users\jacintillo\documents\5. fib\vj\2dgame\02-bubble\02-bubble\debug\02-bubble.tlog\link.write.1.tlog
